<?xml version="1.0" encoding="UTF-8"?>
<!-- Generated by org.testng.reporters.JUnitReportReporter -->
<testsuite hostname="IND-PJHA" failures="0" tests="1" name="com.cineverse.qa.testcases.SearchTest" time="7.467" errors="0" timestamp="2024-02-08T19:46:23 IST" skipped="0">
  <testcase classname="com.cineverse.qa.testcases.SearchTest" name="ValidateSearchInputBoxIsDisplayedTest" time="7.467"/>
  <system-out/>
</testsuite> <!-- com.cineverse.qa.testcases.SearchTest -->
