<?xml version="1.0" encoding="UTF-8"?>
<!-- Generated by org.testng.reporters.JUnitReportReporter -->
<testsuite hostname="IND-PJHA" failures="0" tests="1" name="com.cineverse.qa.testcases.GenresPageTest" time="7.548" errors="0" timestamp="2024-02-08T19:22:42 IST" skipped="0">
  <testcase classname="com.cineverse.qa.testcases.GenresPageTest" name="ValidateGenresLeftArrowButtonIsDisplayedTest" time="7.548"/>
  <system-out/>
</testsuite> <!-- com.cineverse.qa.testcases.GenresPageTest -->
