<?xml version="1.0" encoding="UTF-8"?>
<!-- Generated by org.testng.reporters.JUnitReportReporter -->
<testsuite hostname="IND-PJHA" failures="0" tests="1" name="com.cineverse.qa.testcases.LiveTvPageTest" time="12.950" errors="0" timestamp="2024-02-08T18:30:31 IST" skipped="0">
  <testcase classname="com.cineverse.qa.testcases.LiveTvPageTest" name="ValidateLiveTextIsDisplayedTest" time="12.950"/>
  <system-out/>
</testsuite> <!-- com.cineverse.qa.testcases.LiveTvPageTest -->
