<?xml version="1.0" encoding="UTF-8"?>
<!-- Generated by org.testng.reporters.JUnitReportReporter -->
<testsuite hostname="IND-PJHA" failures="0" tests="1" name="com.cineverse.qa.testcases.HomePageTest" time="8.327" errors="0" timestamp="2024-02-08T17:29:15 IST" skipped="0">
  <testcase classname="com.cineverse.qa.testcases.HomePageTest" name="ValidatePromoInfoButtonIsDisplayedTest" time="8.327"/>
  <system-out/>
</testsuite> <!-- com.cineverse.qa.testcases.HomePageTest -->
